[2015-04-17 17:20:47] production.INFO:  [] []
[2015-04-17 17:23:42] production.ERROR: exception 'ErrorException' with message 'Trying to get property of non-object' in /home/tj/s5/app/controllers/LoginController.php:29
Stack trace:
#0 /home/tj/s5/app/controllers/LoginController.php(29): Illuminate\Exception\Handler->handleError(8, 'Trying to get p...', '/home/tj/s5/app...', 29, Array)
#1 [internal function]: LoginController->postIndex()
#2 /home/tj/s5/vendor/laravel/framework/src/Illuminate/Routing/Controller.php(231): call_user_func_array(Array, Array)
#3 /home/tj/s5/vendor/laravel/framework/src/Illuminate/Routing/ControllerDispatcher.php(93): Illuminate\Routing\Controller->callAction('postIndex', Array)
#4 /home/tj/s5/vendor/laravel/framework/src/Illuminate/Routing/ControllerDispatcher.php(62): Illuminate\Routing\ControllerDispatcher->call(Object(LoginController), Object(Illuminate\Routing\Route), 'postIndex')
#5 /home/tj/s5/vendor/laravel/framework/src/Illuminate/Routing/Router.php(934): Illuminate\Routing\ControllerDispatcher->dispatch(Object(Illuminate\Routing\Route), Object(Illuminate\Http\Request), 'LoginController', 'postIndex')
#6 [internal function]: Illuminate\Routing\Router->Illuminate\Routing\{closure}()
#7 /home/tj/s5/vendor/laravel/framework/src/Illuminate/Routing/Route.php(104): call_user_func_array(Object(Closure), Array)
#8 /home/tj/s5/vendor/laravel/framework/src/Illuminate/Routing/Router.php(1000): Illuminate\Routing\Route->run(Object(Illuminate\Http\Request))
#9 /home/tj/s5/vendor/laravel/framework/src/Illuminate/Routing/Router.php(968): Illuminate\Routing\Router->dispatchToRoute(Object(Illuminate\Http\Request))
#10 /home/tj/s5/vendor/laravel/framework/src/Illuminate/Foundation/Application.php(738): Illuminate\Routing\Router->dispatch(Object(Illuminate\Http\Request))
#11 /home/tj/s5/vendor/laravel/framework/src/Illuminate/Foundation/Application.php(708): Illuminate\Foundation\Application->dispatch(Object(Illuminate\Http\Request))
#12 /home/tj/s5/vendor/laravel/framework/src/Illuminate/Http/FrameGuard.php(38): Illuminate\Foundation\Application->handle(Object(Illuminate\Http\Request), 1, true)
#13 /home/tj/s5/vendor/laravel/framework/src/Illuminate/Session/Middleware.php(72): Illuminate\Http\FrameGuard->handle(Object(Illuminate\Http\Request), 1, true)
#14 /home/tj/s5/vendor/laravel/framework/src/Illuminate/Cookie/Queue.php(47): Illuminate\Session\Middleware->handle(Object(Illuminate\Http\Request), 1, true)
#15 /home/tj/s5/vendor/laravel/framework/src/Illuminate/Cookie/Guard.php(51): Illuminate\Cookie\Queue->handle(Object(Illuminate\Http\Request), 1, true)
#16 /home/tj/s5/vendor/stack/builder/src/Stack/StackedHttpKernel.php(23): Illuminate\Cookie\Guard->handle(Object(Illuminate\Http\Request), 1, true)
#17 /home/tj/s5/vendor/laravel/framework/src/Illuminate/Foundation/Application.php(606): Stack\StackedHttpKernel->handle(Object(Illuminate\Http\Request))
#18 /home/tj/s5/public/index.php(49): Illuminate\Foundation\Application->run()
#19 /home/tj/s5/server.php(19): require_once('/home/tj/s5/pub...')
#20 {main} [] []
[2015-04-17 17:23:49] production.ERROR: exception 'ErrorException' with message 'Trying to get property of non-object' in /home/tj/s5/app/controllers/LoginController.php:29
Stack trace:
#0 /home/tj/s5/app/controllers/LoginController.php(29): Illuminate\Exception\Handler->handleError(8, 'Trying to get p...', '/home/tj/s5/app...', 29, Array)
#1 [internal function]: LoginController->postIndex()
#2 /home/tj/s5/vendor/laravel/framework/src/Illuminate/Routing/Controller.php(231): call_user_func_array(Array, Array)
#3 /home/tj/s5/vendor/laravel/framework/src/Illuminate/Routing/ControllerDispatcher.php(93): Illuminate\Routing\Controller->callAction('postIndex', Array)
#4 /home/tj/s5/vendor/laravel/framework/src/Illuminate/Routing/ControllerDispatcher.php(62): Illuminate\Routing\ControllerDispatcher->call(Object(LoginController), Object(Illuminate\Routing\Route), 'postIndex')
#5 /home/tj/s5/vendor/laravel/framework/src/Illuminate/Routing/Router.php(934): Illuminate\Routing\ControllerDispatcher->dispatch(Object(Illuminate\Routing\Route), Object(Illuminate\Http\Request), 'LoginController', 'postIndex')
#6 [internal function]: Illuminate\Routing\Router->Illuminate\Routing\{closure}()
#7 /home/tj/s5/vendor/laravel/framework/src/Illuminate/Routing/Route.php(104): call_user_func_array(Object(Closure), Array)
#8 /home/tj/s5/vendor/laravel/framework/src/Illuminate/Routing/Router.php(1000): Illuminate\Routing\Route->run(Object(Illuminate\Http\Request))
#9 /home/tj/s5/vendor/laravel/framework/src/Illuminate/Routing/Router.php(968): Illuminate\Routing\Router->dispatchToRoute(Object(Illuminate\Http\Request))
#10 /home/tj/s5/vendor/laravel/framework/src/Illuminate/Foundation/Application.php(738): Illuminate\Routing\Router->dispatch(Object(Illuminate\Http\Request))
#11 /home/tj/s5/vendor/laravel/framework/src/Illuminate/Foundation/Application.php(708): Illuminate\Foundation\Application->dispatch(Object(Illuminate\Http\Request))
#12 /home/tj/s5/vendor/laravel/framework/src/Illuminate/Http/FrameGuard.php(38): Illuminate\Foundation\Application->handle(Object(Illuminate\Http\Request), 1, true)
#13 /home/tj/s5/vendor/laravel/framework/src/Illuminate/Session/Middleware.php(72): Illuminate\Http\FrameGuard->handle(Object(Illuminate\Http\Request), 1, true)
#14 /home/tj/s5/vendor/laravel/framework/src/Illuminate/Cookie/Queue.php(47): Illuminate\Session\Middleware->handle(Object(Illuminate\Http\Request), 1, true)
#15 /home/tj/s5/vendor/laravel/framework/src/Illuminate/Cookie/Guard.php(51): Illuminate\Cookie\Queue->handle(Object(Illuminate\Http\Request), 1, true)
#16 /home/tj/s5/vendor/stack/builder/src/Stack/StackedHttpKernel.php(23): Illuminate\Cookie\Guard->handle(Object(Illuminate\Http\Request), 1, true)
#17 /home/tj/s5/vendor/laravel/framework/src/Illuminate/Foundation/Application.php(606): Stack\StackedHttpKernel->handle(Object(Illuminate\Http\Request))
#18 /home/tj/s5/public/index.php(49): Illuminate\Foundation\Application->run()
#19 /home/tj/s5/server.php(19): require_once('/home/tj/s5/pub...')
#20 {main} [] []
[2015-04-17 17:23:57] production.INFO:  [] []
[2015-05-01 15:31:01] production.ERROR: exception 'Twig_Error_Syntax' with message 'Unexpected character "#" in "login/index" at line 1' in /home/tj/s5/vendor/twig/twig/lib/Twig/Lexer.php:284
Stack trace:
#0 /home/tj/s5/vendor/twig/twig/lib/Twig/Lexer.php(205): Twig_Lexer->lexExpression()
#1 /home/tj/s5/vendor/twig/twig/lib/Twig/Lexer.php(111): Twig_Lexer->lexBlock()
#2 /home/tj/s5/vendor/twig/twig/lib/Twig/Environment.php(505): Twig_Lexer->tokenize('{% # extends 't...', 'login/index')
#3 /home/tj/s5/vendor/twig/twig/lib/Twig/Environment.php(595): Twig_Environment->tokenize('{% # extends 't...', 'login/index')
#4 /home/tj/s5/vendor/twig/twig/lib/Twig/Environment.php(335): Twig_Environment->compileSource('{% # extends 't...', 'login/index')
#5 /home/tj/s5/vendor/rcrowe/twigbridge/src/TwigBridge/Engines/TwigEngine.php(106): Twig_Environment->loadTemplate('login/index')
#6 /home/tj/s5/vendor/rcrowe/twigbridge/src/TwigBridge/Engines/TwigEngine.php(120): TwigBridge\Engines\TwigEngine->load('/home/tj/s5/app...', 'login/index')
#7 /home/tj/s5/vendor/rcrowe/twigbridge/src/TwigBridge/View/View.php(44): TwigBridge\Engines\TwigEngine->get('/home/tj/s5/app...', Array, 'login/index')
#8 /home/tj/s5/vendor/laravel/framework/src/Illuminate/View/View.php(102): TwigBridge\View\View->getContents()
#9 /home/tj/s5/vendor/laravel/framework/src/Illuminate/View/View.php(76): Illuminate\View\View->renderContents()
#10 /home/tj/s5/vendor/laravel/framework/src/Illuminate/Http/Response.php(70): Illuminate\View\View->render()
#11 /home/tj/s5/vendor/symfony/http-foundation/Symfony/Component/HttpFoundation/Response.php(202): Illuminate\Http\Response->setContent(Object(TwigBridge\View\View))
#12 /home/tj/s5/vendor/laravel/framework/src/Illuminate/Routing/Router.php(1427): Symfony\Component\HttpFoundation\Response->__construct(Object(TwigBridge\View\View))
#13 /home/tj/s5/vendor/laravel/framework/src/Illuminate/Routing/Router.php(1003): Illuminate\Routing\Router->prepareResponse(Object(Illuminate\Http\Request), Object(TwigBridge\View\View))
#14 /home/tj/s5/vendor/laravel/framework/src/Illuminate/Routing/Router.php(968): Illuminate\Routing\Router->dispatchToRoute(Object(Illuminate\Http\Request))
#15 /home/tj/s5/vendor/laravel/framework/src/Illuminate/Foundation/Application.php(738): Illuminate\Routing\Router->dispatch(Object(Illuminate\Http\Request))
#16 /home/tj/s5/vendor/laravel/framework/src/Illuminate/Foundation/Application.php(708): Illuminate\Foundation\Application->dispatch(Object(Illuminate\Http\Request))
#17 /home/tj/s5/vendor/laravel/framework/src/Illuminate/Http/FrameGuard.php(38): Illuminate\Foundation\Application->handle(Object(Illuminate\Http\Request), 1, true)
#18 /home/tj/s5/vendor/laravel/framework/src/Illuminate/Session/Middleware.php(72): Illuminate\Http\FrameGuard->handle(Object(Illuminate\Http\Request), 1, true)
#19 /home/tj/s5/vendor/laravel/framework/src/Illuminate/Cookie/Queue.php(47): Illuminate\Session\Middleware->handle(Object(Illuminate\Http\Request), 1, true)
#20 /home/tj/s5/vendor/laravel/framework/src/Illuminate/Cookie/Guard.php(51): Illuminate\Cookie\Queue->handle(Object(Illuminate\Http\Request), 1, true)
#21 /home/tj/s5/vendor/stack/builder/src/Stack/StackedHttpKernel.php(23): Illuminate\Cookie\Guard->handle(Object(Illuminate\Http\Request), 1, true)
#22 /home/tj/s5/vendor/laravel/framework/src/Illuminate/Foundation/Application.php(606): Stack\StackedHttpKernel->handle(Object(Illuminate\Http\Request))
#23 /home/tj/s5/public/index.php(49): Illuminate\Foundation\Application->run()
#24 /home/tj/s5/server.php(19): require_once('/home/tj/s5/pub...')
#25 {main} [] []
[2015-05-01 16:38:14] production.ERROR: exception 'Symfony\Component\HttpKernel\Exception\NotFoundHttpException' in /home/tj/s5/vendor/laravel/framework/src/Illuminate/Foundation/Application.php:871
Stack trace:
#0 /home/tj/s5/vendor/laravel/framework/src/Illuminate/Support/Facades/Facade.php(208): Illuminate\Foundation\Application->abort(404)
#1 /home/tj/s5/app/routes.php(63): Illuminate\Support\Facades\Facade::__callStatic('abort', Array)
#2 /home/tj/s5/app/routes.php(63): Illuminate\Support\Facades\App::abort(404)
#3 [internal function]: {closure}('cq5l2rEydV3p5g0...', Object(Illuminate\Routing\Route))
#4 /home/tj/s5/vendor/laravel/framework/src/Illuminate/Routing/Router.php(1055): call_user_func(Object(Closure), 'cq5l2rEydV3p5g0...', Object(Illuminate\Routing\Route))
#5 /home/tj/s5/vendor/laravel/framework/src/Illuminate/Routing/Router.php(1038): Illuminate\Routing\Router->performBinding('invite_code', 'cq5l2rEydV3p5g0...', Object(Illuminate\Routing\Route))
#6 /home/tj/s5/vendor/laravel/framework/src/Illuminate/Routing/Router.php(1023): Illuminate\Routing\Router->substituteBindings(Object(Illuminate\Routing\Route))
#7 /home/tj/s5/vendor/laravel/framework/src/Illuminate/Routing/Router.php(989): Illuminate\Routing\Router->findRoute(Object(Illuminate\Http\Request))
#8 /home/tj/s5/vendor/laravel/framework/src/Illuminate/Routing/Router.php(968): Illuminate\Routing\Router->dispatchToRoute(Object(Illuminate\Http\Request))
#9 /home/tj/s5/vendor/laravel/framework/src/Illuminate/Foundation/Application.php(738): Illuminate\Routing\Router->dispatch(Object(Illuminate\Http\Request))
#10 /home/tj/s5/vendor/laravel/framework/src/Illuminate/Foundation/Application.php(708): Illuminate\Foundation\Application->dispatch(Object(Illuminate\Http\Request))
#11 /home/tj/s5/vendor/laravel/framework/src/Illuminate/Http/FrameGuard.php(38): Illuminate\Foundation\Application->handle(Object(Illuminate\Http\Request), 1, true)
#12 /home/tj/s5/vendor/laravel/framework/src/Illuminate/Session/Middleware.php(72): Illuminate\Http\FrameGuard->handle(Object(Illuminate\Http\Request), 1, true)
#13 /home/tj/s5/vendor/laravel/framework/src/Illuminate/Cookie/Queue.php(47): Illuminate\Session\Middleware->handle(Object(Illuminate\Http\Request), 1, true)
#14 /home/tj/s5/vendor/laravel/framework/src/Illuminate/Cookie/Guard.php(51): Illuminate\Cookie\Queue->handle(Object(Illuminate\Http\Request), 1, true)
#15 /home/tj/s5/vendor/stack/builder/src/Stack/StackedHttpKernel.php(23): Illuminate\Cookie\Guard->handle(Object(Illuminate\Http\Request), 1, true)
#16 /home/tj/s5/vendor/laravel/framework/src/Illuminate/Foundation/Application.php(606): Stack\StackedHttpKernel->handle(Object(Illuminate\Http\Request))
#17 /home/tj/s5/public/index.php(49): Illuminate\Foundation\Application->run()
#18 /home/tj/s5/server.php(19): require_once('/home/tj/s5/pub...')
#19 {main} [] []
[2015-05-01 17:21:00] production.ERROR: exception 'ErrorException' with message 'Trying to get property of non-object' in /home/tj/s5/app/controllers/LoginController.php:29
Stack trace:
#0 /home/tj/s5/app/controllers/LoginController.php(29): Illuminate\Exception\Handler->handleError(8, 'Trying to get p...', '/home/tj/s5/app...', 29, Array)
#1 [internal function]: LoginController->postIndex()
#2 /home/tj/s5/vendor/laravel/framework/src/Illuminate/Routing/Controller.php(231): call_user_func_array(Array, Array)
#3 /home/tj/s5/vendor/laravel/framework/src/Illuminate/Routing/ControllerDispatcher.php(93): Illuminate\Routing\Controller->callAction('postIndex', Array)
#4 /home/tj/s5/vendor/laravel/framework/src/Illuminate/Routing/ControllerDispatcher.php(62): Illuminate\Routing\ControllerDispatcher->call(Object(LoginController), Object(Illuminate\Routing\Route), 'postIndex')
#5 /home/tj/s5/vendor/laravel/framework/src/Illuminate/Routing/Router.php(934): Illuminate\Routing\ControllerDispatcher->dispatch(Object(Illuminate\Routing\Route), Object(Illuminate\Http\Request), 'LoginController', 'postIndex')
#6 [internal function]: Illuminate\Routing\Router->Illuminate\Routing\{closure}()
#7 /home/tj/s5/vendor/laravel/framework/src/Illuminate/Routing/Route.php(104): call_user_func_array(Object(Closure), Array)
#8 /home/tj/s5/vendor/laravel/framework/src/Illuminate/Routing/Router.php(1000): Illuminate\Routing\Route->run(Object(Illuminate\Http\Request))
#9 /home/tj/s5/vendor/laravel/framework/src/Illuminate/Routing/Router.php(968): Illuminate\Routing\Router->dispatchToRoute(Object(Illuminate\Http\Request))
#10 /home/tj/s5/vendor/laravel/framework/src/Illuminate/Foundation/Application.php(738): Illuminate\Routing\Router->dispatch(Object(Illuminate\Http\Request))
#11 /home/tj/s5/vendor/laravel/framework/src/Illuminate/Foundation/Application.php(708): Illuminate\Foundation\Application->dispatch(Object(Illuminate\Http\Request))
#12 /home/tj/s5/vendor/laravel/framework/src/Illuminate/Http/FrameGuard.php(38): Illuminate\Foundation\Application->handle(Object(Illuminate\Http\Request), 1, true)
#13 /home/tj/s5/vendor/laravel/framework/src/Illuminate/Session/Middleware.php(72): Illuminate\Http\FrameGuard->handle(Object(Illuminate\Http\Request), 1, true)
#14 /home/tj/s5/vendor/laravel/framework/src/Illuminate/Cookie/Queue.php(47): Illuminate\Session\Middleware->handle(Object(Illuminate\Http\Request), 1, true)
#15 /home/tj/s5/vendor/laravel/framework/src/Illuminate/Cookie/Guard.php(51): Illuminate\Cookie\Queue->handle(Object(Illuminate\Http\Request), 1, true)
#16 /home/tj/s5/vendor/stack/builder/src/Stack/StackedHttpKernel.php(23): Illuminate\Cookie\Guard->handle(Object(Illuminate\Http\Request), 1, true)
#17 /home/tj/s5/vendor/laravel/framework/src/Illuminate/Foundation/Application.php(606): Stack\StackedHttpKernel->handle(Object(Illuminate\Http\Request))
#18 /home/tj/s5/public/index.php(49): Illuminate\Foundation\Application->run()
#19 /home/tj/s5/server.php(19): require_once('/home/tj/s5/pub...')
#20 {main} [] []
[2015-05-01 17:21:06] production.ERROR: exception 'ErrorException' with message 'Trying to get property of non-object' in /home/tj/s5/app/controllers/LoginController.php:29
Stack trace:
#0 /home/tj/s5/app/controllers/LoginController.php(29): Illuminate\Exception\Handler->handleError(8, 'Trying to get p...', '/home/tj/s5/app...', 29, Array)
#1 [internal function]: LoginController->postIndex()
#2 /home/tj/s5/vendor/laravel/framework/src/Illuminate/Routing/Controller.php(231): call_user_func_array(Array, Array)
#3 /home/tj/s5/vendor/laravel/framework/src/Illuminate/Routing/ControllerDispatcher.php(93): Illuminate\Routing\Controller->callAction('postIndex', Array)
#4 /home/tj/s5/vendor/laravel/framework/src/Illuminate/Routing/ControllerDispatcher.php(62): Illuminate\Routing\ControllerDispatcher->call(Object(LoginController), Object(Illuminate\Routing\Route), 'postIndex')
#5 /home/tj/s5/vendor/laravel/framework/src/Illuminate/Routing/Router.php(934): Illuminate\Routing\ControllerDispatcher->dispatch(Object(Illuminate\Routing\Route), Object(Illuminate\Http\Request), 'LoginController', 'postIndex')
#6 [internal function]: Illuminate\Routing\Router->Illuminate\Routing\{closure}()
#7 /home/tj/s5/vendor/laravel/framework/src/Illuminate/Routing/Route.php(104): call_user_func_array(Object(Closure), Array)
#8 /home/tj/s5/vendor/laravel/framework/src/Illuminate/Routing/Router.php(1000): Illuminate\Routing\Route->run(Object(Illuminate\Http\Request))
#9 /home/tj/s5/vendor/laravel/framework/src/Illuminate/Routing/Router.php(968): Illuminate\Routing\Router->dispatchToRoute(Object(Illuminate\Http\Request))
#10 /home/tj/s5/vendor/laravel/framework/src/Illuminate/Foundation/Application.php(738): Illuminate\Routing\Router->dispatch(Object(Illuminate\Http\Request))
#11 /home/tj/s5/vendor/laravel/framework/src/Illuminate/Foundation/Application.php(708): Illuminate\Foundation\Application->dispatch(Object(Illuminate\Http\Request))
#12 /home/tj/s5/vendor/laravel/framework/src/Illuminate/Http/FrameGuard.php(38): Illuminate\Foundation\Application->handle(Object(Illuminate\Http\Request), 1, true)
#13 /home/tj/s5/vendor/laravel/framework/src/Illuminate/Session/Middleware.php(72): Illuminate\Http\FrameGuard->handle(Object(Illuminate\Http\Request), 1, true)
#14 /home/tj/s5/vendor/laravel/framework/src/Illuminate/Cookie/Queue.php(47): Illuminate\Session\Middleware->handle(Object(Illuminate\Http\Request), 1, true)
#15 /home/tj/s5/vendor/laravel/framework/src/Illuminate/Cookie/Guard.php(51): Illuminate\Cookie\Queue->handle(Object(Illuminate\Http\Request), 1, true)
#16 /home/tj/s5/vendor/stack/builder/src/Stack/StackedHttpKernel.php(23): Illuminate\Cookie\Guard->handle(Object(Illuminate\Http\Request), 1, true)
#17 /home/tj/s5/vendor/laravel/framework/src/Illuminate/Foundation/Application.php(606): Stack\StackedHttpKernel->handle(Object(Illuminate\Http\Request))
#18 /home/tj/s5/public/index.php(49): Illuminate\Foundation\Application->run()
#19 /home/tj/s5/server.php(19): require_once('/home/tj/s5/pub...')
#20 {main} [] []
[2015-05-01 17:22:15] production.ERROR: exception 'ErrorException' with message 'Trying to get property of non-object' in /home/tj/s5/app/controllers/LoginController.php:29
Stack trace:
#0 /home/tj/s5/app/controllers/LoginController.php(29): Illuminate\Exception\Handler->handleError(8, 'Trying to get p...', '/home/tj/s5/app...', 29, Array)
#1 [internal function]: LoginController->postIndex()
#2 /home/tj/s5/vendor/laravel/framework/src/Illuminate/Routing/Controller.php(231): call_user_func_array(Array, Array)
#3 /home/tj/s5/vendor/laravel/framework/src/Illuminate/Routing/ControllerDispatcher.php(93): Illuminate\Routing\Controller->callAction('postIndex', Array)
#4 /home/tj/s5/vendor/laravel/framework/src/Illuminate/Routing/ControllerDispatcher.php(62): Illuminate\Routing\ControllerDispatcher->call(Object(LoginController), Object(Illuminate\Routing\Route), 'postIndex')
#5 /home/tj/s5/vendor/laravel/framework/src/Illuminate/Routing/Router.php(934): Illuminate\Routing\ControllerDispatcher->dispatch(Object(Illuminate\Routing\Route), Object(Illuminate\Http\Request), 'LoginController', 'postIndex')
#6 [internal function]: Illuminate\Routing\Router->Illuminate\Routing\{closure}()
#7 /home/tj/s5/vendor/laravel/framework/src/Illuminate/Routing/Route.php(104): call_user_func_array(Object(Closure), Array)
#8 /home/tj/s5/vendor/laravel/framework/src/Illuminate/Routing/Router.php(1000): Illuminate\Routing\Route->run(Object(Illuminate\Http\Request))
#9 /home/tj/s5/vendor/laravel/framework/src/Illuminate/Routing/Router.php(968): Illuminate\Routing\Router->dispatchToRoute(Object(Illuminate\Http\Request))
#10 /home/tj/s5/vendor/laravel/framework/src/Illuminate/Foundation/Application.php(738): Illuminate\Routing\Router->dispatch(Object(Illuminate\Http\Request))
#11 /home/tj/s5/vendor/laravel/framework/src/Illuminate/Foundation/Application.php(708): Illuminate\Foundation\Application->dispatch(Object(Illuminate\Http\Request))
#12 /home/tj/s5/vendor/laravel/framework/src/Illuminate/Http/FrameGuard.php(38): Illuminate\Foundation\Application->handle(Object(Illuminate\Http\Request), 1, true)
#13 /home/tj/s5/vendor/laravel/framework/src/Illuminate/Session/Middleware.php(72): Illuminate\Http\FrameGuard->handle(Object(Illuminate\Http\Request), 1, true)
#14 /home/tj/s5/vendor/laravel/framework/src/Illuminate/Cookie/Queue.php(47): Illuminate\Session\Middleware->handle(Object(Illuminate\Http\Request), 1, true)
#15 /home/tj/s5/vendor/laravel/framework/src/Illuminate/Cookie/Guard.php(51): Illuminate\Cookie\Queue->handle(Object(Illuminate\Http\Request), 1, true)
#16 /home/tj/s5/vendor/stack/builder/src/Stack/StackedHttpKernel.php(23): Illuminate\Cookie\Guard->handle(Object(Illuminate\Http\Request), 1, true)
#17 /home/tj/s5/vendor/laravel/framework/src/Illuminate/Foundation/Application.php(606): Stack\StackedHttpKernel->handle(Object(Illuminate\Http\Request))
#18 /home/tj/s5/public/index.php(49): Illuminate\Foundation\Application->run()
#19 /home/tj/s5/server.php(19): require_once('/home/tj/s5/pub...')
#20 {main} [] []
[2015-05-01 17:22:24] production.ERROR: exception 'ErrorException' with message 'Trying to get property of non-object' in /home/tj/s5/app/controllers/LoginController.php:29
Stack trace:
#0 /home/tj/s5/app/controllers/LoginController.php(29): Illuminate\Exception\Handler->handleError(8, 'Trying to get p...', '/home/tj/s5/app...', 29, Array)
#1 [internal function]: LoginController->postIndex()
#2 /home/tj/s5/vendor/laravel/framework/src/Illuminate/Routing/Controller.php(231): call_user_func_array(Array, Array)
#3 /home/tj/s5/vendor/laravel/framework/src/Illuminate/Routing/ControllerDispatcher.php(93): Illuminate\Routing\Controller->callAction('postIndex', Array)
#4 /home/tj/s5/vendor/laravel/framework/src/Illuminate/Routing/ControllerDispatcher.php(62): Illuminate\Routing\ControllerDispatcher->call(Object(LoginController), Object(Illuminate\Routing\Route), 'postIndex')
#5 /home/tj/s5/vendor/laravel/framework/src/Illuminate/Routing/Router.php(934): Illuminate\Routing\ControllerDispatcher->dispatch(Object(Illuminate\Routing\Route), Object(Illuminate\Http\Request), 'LoginController', 'postIndex')
#6 [internal function]: Illuminate\Routing\Router->Illuminate\Routing\{closure}()
#7 /home/tj/s5/vendor/laravel/framework/src/Illuminate/Routing/Route.php(104): call_user_func_array(Object(Closure), Array)
#8 /home/tj/s5/vendor/laravel/framework/src/Illuminate/Routing/Router.php(1000): Illuminate\Routing\Route->run(Object(Illuminate\Http\Request))
#9 /home/tj/s5/vendor/laravel/framework/src/Illuminate/Routing/Router.php(968): Illuminate\Routing\Router->dispatchToRoute(Object(Illuminate\Http\Request))
#10 /home/tj/s5/vendor/laravel/framework/src/Illuminate/Foundation/Application.php(738): Illuminate\Routing\Router->dispatch(Object(Illuminate\Http\Request))
#11 /home/tj/s5/vendor/laravel/framework/src/Illuminate/Foundation/Application.php(708): Illuminate\Foundation\Application->dispatch(Object(Illuminate\Http\Request))
#12 /home/tj/s5/vendor/laravel/framework/src/Illuminate/Http/FrameGuard.php(38): Illuminate\Foundation\Application->handle(Object(Illuminate\Http\Request), 1, true)
#13 /home/tj/s5/vendor/laravel/framework/src/Illuminate/Session/Middleware.php(72): Illuminate\Http\FrameGuard->handle(Object(Illuminate\Http\Request), 1, true)
#14 /home/tj/s5/vendor/laravel/framework/src/Illuminate/Cookie/Queue.php(47): Illuminate\Session\Middleware->handle(Object(Illuminate\Http\Request), 1, true)
#15 /home/tj/s5/vendor/laravel/framework/src/Illuminate/Cookie/Guard.php(51): Illuminate\Cookie\Queue->handle(Object(Illuminate\Http\Request), 1, true)
#16 /home/tj/s5/vendor/stack/builder/src/Stack/StackedHttpKernel.php(23): Illuminate\Cookie\Guard->handle(Object(Illuminate\Http\Request), 1, true)
#17 /home/tj/s5/vendor/laravel/framework/src/Illuminate/Foundation/Application.php(606): Stack\StackedHttpKernel->handle(Object(Illuminate\Http\Request))
#18 /home/tj/s5/public/index.php(49): Illuminate\Foundation\Application->run()
#19 /home/tj/s5/server.php(19): require_once('/home/tj/s5/pub...')
#20 {main} [] []
[2015-05-01 17:23:22] production.ERROR: exception 'ErrorException' with message 'Trying to get property of non-object' in /home/tj/s5/app/controllers/LoginController.php:29
Stack trace:
#0 /home/tj/s5/app/controllers/LoginController.php(29): Illuminate\Exception\Handler->handleError(8, 'Trying to get p...', '/home/tj/s5/app...', 29, Array)
#1 [internal function]: LoginController->postIndex()
#2 /home/tj/s5/vendor/laravel/framework/src/Illuminate/Routing/Controller.php(231): call_user_func_array(Array, Array)
#3 /home/tj/s5/vendor/laravel/framework/src/Illuminate/Routing/ControllerDispatcher.php(93): Illuminate\Routing\Controller->callAction('postIndex', Array)
#4 /home/tj/s5/vendor/laravel/framework/src/Illuminate/Routing/ControllerDispatcher.php(62): Illuminate\Routing\ControllerDispatcher->call(Object(LoginController), Object(Illuminate\Routing\Route), 'postIndex')
#5 /home/tj/s5/vendor/laravel/framework/src/Illuminate/Routing/Router.php(934): Illuminate\Routing\ControllerDispatcher->dispatch(Object(Illuminate\Routing\Route), Object(Illuminate\Http\Request), 'LoginController', 'postIndex')
#6 [internal function]: Illuminate\Routing\Router->Illuminate\Routing\{closure}()
#7 /home/tj/s5/vendor/laravel/framework/src/Illuminate/Routing/Route.php(104): call_user_func_array(Object(Closure), Array)
#8 /home/tj/s5/vendor/laravel/framework/src/Illuminate/Routing/Router.php(1000): Illuminate\Routing\Route->run(Object(Illuminate\Http\Request))
#9 /home/tj/s5/vendor/laravel/framework/src/Illuminate/Routing/Router.php(968): Illuminate\Routing\Router->dispatchToRoute(Object(Illuminate\Http\Request))
#10 /home/tj/s5/vendor/laravel/framework/src/Illuminate/Foundation/Application.php(738): Illuminate\Routing\Router->dispatch(Object(Illuminate\Http\Request))
#11 /home/tj/s5/vendor/laravel/framework/src/Illuminate/Foundation/Application.php(708): Illuminate\Foundation\Application->dispatch(Object(Illuminate\Http\Request))
#12 /home/tj/s5/vendor/laravel/framework/src/Illuminate/Http/FrameGuard.php(38): Illuminate\Foundation\Application->handle(Object(Illuminate\Http\Request), 1, true)
#13 /home/tj/s5/vendor/laravel/framework/src/Illuminate/Session/Middleware.php(72): Illuminate\Http\FrameGuard->handle(Object(Illuminate\Http\Request), 1, true)
#14 /home/tj/s5/vendor/laravel/framework/src/Illuminate/Cookie/Queue.php(47): Illuminate\Session\Middleware->handle(Object(Illuminate\Http\Request), 1, true)
#15 /home/tj/s5/vendor/laravel/framework/src/Illuminate/Cookie/Guard.php(51): Illuminate\Cookie\Queue->handle(Object(Illuminate\Http\Request), 1, true)
#16 /home/tj/s5/vendor/stack/builder/src/Stack/StackedHttpKernel.php(23): Illuminate\Cookie\Guard->handle(Object(Illuminate\Http\Request), 1, true)
#17 /home/tj/s5/vendor/laravel/framework/src/Illuminate/Foundation/Application.php(606): Stack\StackedHttpKernel->handle(Object(Illuminate\Http\Request))
#18 /home/tj/s5/public/index.php(49): Illuminate\Foundation\Application->run()
#19 /home/tj/s5/server.php(19): require_once('/home/tj/s5/pub...')
#20 {main} [] []
[2015-05-01 17:25:40] production.ERROR: exception 'ErrorException' with message 'Trying to get property of non-object' in /home/tj/s5/app/controllers/LoginController.php:29
Stack trace:
#0 /home/tj/s5/app/controllers/LoginController.php(29): Illuminate\Exception\Handler->handleError(8, 'Trying to get p...', '/home/tj/s5/app...', 29, Array)
#1 [internal function]: LoginController->postIndex()
#2 /home/tj/s5/vendor/laravel/framework/src/Illuminate/Routing/Controller.php(231): call_user_func_array(Array, Array)
#3 /home/tj/s5/vendor/laravel/framework/src/Illuminate/Routing/ControllerDispatcher.php(93): Illuminate\Routing\Controller->callAction('postIndex', Array)
#4 /home/tj/s5/vendor/laravel/framework/src/Illuminate/Routing/ControllerDispatcher.php(62): Illuminate\Routing\ControllerDispatcher->call(Object(LoginController), Object(Illuminate\Routing\Route), 'postIndex')
#5 /home/tj/s5/vendor/laravel/framework/src/Illuminate/Routing/Router.php(934): Illuminate\Routing\ControllerDispatcher->dispatch(Object(Illuminate\Routing\Route), Object(Illuminate\Http\Request), 'LoginController', 'postIndex')
#6 [internal function]: Illuminate\Routing\Router->Illuminate\Routing\{closure}()
#7 /home/tj/s5/vendor/laravel/framework/src/Illuminate/Routing/Route.php(104): call_user_func_array(Object(Closure), Array)
#8 /home/tj/s5/vendor/laravel/framework/src/Illuminate/Routing/Router.php(1000): Illuminate\Routing\Route->run(Object(Illuminate\Http\Request))
#9 /home/tj/s5/vendor/laravel/framework/src/Illuminate/Routing/Router.php(968): Illuminate\Routing\Router->dispatchToRoute(Object(Illuminate\Http\Request))
#10 /home/tj/s5/vendor/laravel/framework/src/Illuminate/Foundation/Application.php(738): Illuminate\Routing\Router->dispatch(Object(Illuminate\Http\Request))
#11 /home/tj/s5/vendor/laravel/framework/src/Illuminate/Foundation/Application.php(708): Illuminate\Foundation\Application->dispatch(Object(Illuminate\Http\Request))
#12 /home/tj/s5/vendor/laravel/framework/src/Illuminate/Http/FrameGuard.php(38): Illuminate\Foundation\Application->handle(Object(Illuminate\Http\Request), 1, true)
#13 /home/tj/s5/vendor/laravel/framework/src/Illuminate/Session/Middleware.php(72): Illuminate\Http\FrameGuard->handle(Object(Illuminate\Http\Request), 1, true)
#14 /home/tj/s5/vendor/laravel/framework/src/Illuminate/Cookie/Queue.php(47): Illuminate\Session\Middleware->handle(Object(Illuminate\Http\Request), 1, true)
#15 /home/tj/s5/vendor/laravel/framework/src/Illuminate/Cookie/Guard.php(51): Illuminate\Cookie\Queue->handle(Object(Illuminate\Http\Request), 1, true)
#16 /home/tj/s5/vendor/stack/builder/src/Stack/StackedHttpKernel.php(23): Illuminate\Cookie\Guard->handle(Object(Illuminate\Http\Request), 1, true)
#17 /home/tj/s5/vendor/laravel/framework/src/Illuminate/Foundation/Application.php(606): Stack\StackedHttpKernel->handle(Object(Illuminate\Http\Request))
#18 /home/tj/s5/public/index.php(49): Illuminate\Foundation\Application->run()
#19 /home/tj/s5/server.php(19): require_once('/home/tj/s5/pub...')
#20 {main} [] []
[2015-05-01 17:26:03] production.ERROR: exception 'ErrorException' with message 'Trying to get property of non-object' in /home/tj/s5/app/controllers/LoginController.php:29
Stack trace:
#0 /home/tj/s5/app/controllers/LoginController.php(29): Illuminate\Exception\Handler->handleError(8, 'Trying to get p...', '/home/tj/s5/app...', 29, Array)
#1 [internal function]: LoginController->postIndex()
#2 /home/tj/s5/vendor/laravel/framework/src/Illuminate/Routing/Controller.php(231): call_user_func_array(Array, Array)
#3 /home/tj/s5/vendor/laravel/framework/src/Illuminate/Routing/ControllerDispatcher.php(93): Illuminate\Routing\Controller->callAction('postIndex', Array)
#4 /home/tj/s5/vendor/laravel/framework/src/Illuminate/Routing/ControllerDispatcher.php(62): Illuminate\Routing\ControllerDispatcher->call(Object(LoginController), Object(Illuminate\Routing\Route), 'postIndex')
#5 /home/tj/s5/vendor/laravel/framework/src/Illuminate/Routing/Router.php(934): Illuminate\Routing\ControllerDispatcher->dispatch(Object(Illuminate\Routing\Route), Object(Illuminate\Http\Request), 'LoginController', 'postIndex')
#6 [internal function]: Illuminate\Routing\Router->Illuminate\Routing\{closure}()
#7 /home/tj/s5/vendor/laravel/framework/src/Illuminate/Routing/Route.php(104): call_user_func_array(Object(Closure), Array)
#8 /home/tj/s5/vendor/laravel/framework/src/Illuminate/Routing/Router.php(1000): Illuminate\Routing\Route->run(Object(Illuminate\Http\Request))
#9 /home/tj/s5/vendor/laravel/framework/src/Illuminate/Routing/Router.php(968): Illuminate\Routing\Router->dispatchToRoute(Object(Illuminate\Http\Request))
#10 /home/tj/s5/vendor/laravel/framework/src/Illuminate/Foundation/Application.php(738): Illuminate\Routing\Router->dispatch(Object(Illuminate\Http\Request))
#11 /home/tj/s5/vendor/laravel/framework/src/Illuminate/Foundation/Application.php(708): Illuminate\Foundation\Application->dispatch(Object(Illuminate\Http\Request))
#12 /home/tj/s5/vendor/laravel/framework/src/Illuminate/Http/FrameGuard.php(38): Illuminate\Foundation\Application->handle(Object(Illuminate\Http\Request), 1, true)
#13 /home/tj/s5/vendor/laravel/framework/src/Illuminate/Session/Middleware.php(72): Illuminate\Http\FrameGuard->handle(Object(Illuminate\Http\Request), 1, true)
#14 /home/tj/s5/vendor/laravel/framework/src/Illuminate/Cookie/Queue.php(47): Illuminate\Session\Middleware->handle(Object(Illuminate\Http\Request), 1, true)
#15 /home/tj/s5/vendor/laravel/framework/src/Illuminate/Cookie/Guard.php(51): Illuminate\Cookie\Queue->handle(Object(Illuminate\Http\Request), 1, true)
#16 /home/tj/s5/vendor/stack/builder/src/Stack/StackedHttpKernel.php(23): Illuminate\Cookie\Guard->handle(Object(Illuminate\Http\Request), 1, true)
#17 /home/tj/s5/vendor/laravel/framework/src/Illuminate/Foundation/Application.php(606): Stack\StackedHttpKernel->handle(Object(Illuminate\Http\Request))
#18 /home/tj/s5/public/index.php(49): Illuminate\Foundation\Application->run()
#19 /home/tj/s5/server.php(19): require_once('/home/tj/s5/pub...')
#20 {main} [] []
[2015-05-01 17:28:51] production.ERROR: exception 'ErrorException' with message 'Trying to get property of non-object' in /home/tj/s5/app/controllers/LoginController.php:29
Stack trace:
#0 /home/tj/s5/app/controllers/LoginController.php(29): Illuminate\Exception\Handler->handleError(8, 'Trying to get p...', '/home/tj/s5/app...', 29, Array)
#1 [internal function]: LoginController->postIndex()
#2 /home/tj/s5/vendor/laravel/framework/src/Illuminate/Routing/Controller.php(231): call_user_func_array(Array, Array)
#3 /home/tj/s5/vendor/laravel/framework/src/Illuminate/Routing/ControllerDispatcher.php(93): Illuminate\Routing\Controller->callAction('postIndex', Array)
#4 /home/tj/s5/vendor/laravel/framework/src/Illuminate/Routing/ControllerDispatcher.php(62): Illuminate\Routing\ControllerDispatcher->call(Object(LoginController), Object(Illuminate\Routing\Route), 'postIndex')
#5 /home/tj/s5/vendor/laravel/framework/src/Illuminate/Routing/Router.php(934): Illuminate\Routing\ControllerDispatcher->dispatch(Object(Illuminate\Routing\Route), Object(Illuminate\Http\Request), 'LoginController', 'postIndex')
#6 [internal function]: Illuminate\Routing\Router->Illuminate\Routing\{closure}()
#7 /home/tj/s5/vendor/laravel/framework/src/Illuminate/Routing/Route.php(104): call_user_func_array(Object(Closure), Array)
#8 /home/tj/s5/vendor/laravel/framework/src/Illuminate/Routing/Router.php(1000): Illuminate\Routing\Route->run(Object(Illuminate\Http\Request))
#9 /home/tj/s5/vendor/laravel/framework/src/Illuminate/Routing/Router.php(968): Illuminate\Routing\Router->dispatchToRoute(Object(Illuminate\Http\Request))
#10 /home/tj/s5/vendor/laravel/framework/src/Illuminate/Foundation/Application.php(738): Illuminate\Routing\Router->dispatch(Object(Illuminate\Http\Request))
#11 /home/tj/s5/vendor/laravel/framework/src/Illuminate/Foundation/Application.php(708): Illuminate\Foundation\Application->dispatch(Object(Illuminate\Http\Request))
#12 /home/tj/s5/vendor/laravel/framework/src/Illuminate/Http/FrameGuard.php(38): Illuminate\Foundation\Application->handle(Object(Illuminate\Http\Request), 1, true)
#13 /home/tj/s5/vendor/laravel/framework/src/Illuminate/Session/Middleware.php(72): Illuminate\Http\FrameGuard->handle(Object(Illuminate\Http\Request), 1, true)
#14 /home/tj/s5/vendor/laravel/framework/src/Illuminate/Cookie/Queue.php(47): Illuminate\Session\Middleware->handle(Object(Illuminate\Http\Request), 1, true)
#15 /home/tj/s5/vendor/laravel/framework/src/Illuminate/Cookie/Guard.php(51): Illuminate\Cookie\Queue->handle(Object(Illuminate\Http\Request), 1, true)
#16 /home/tj/s5/vendor/stack/builder/src/Stack/StackedHttpKernel.php(23): Illuminate\Cookie\Guard->handle(Object(Illuminate\Http\Request), 1, true)
#17 /home/tj/s5/vendor/laravel/framework/src/Illuminate/Foundation/Application.php(606): Stack\StackedHttpKernel->handle(Object(Illuminate\Http\Request))
#18 /home/tj/s5/public/index.php(49): Illuminate\Foundation\Application->run()
#19 /home/tj/s5/server.php(19): require_once('/home/tj/s5/pub...')
#20 {main} [] []
[2015-05-01 17:29:14] production.ERROR: exception 'ErrorException' with message 'Trying to get property of non-object' in /home/tj/s5/app/controllers/LoginController.php:29
Stack trace:
#0 /home/tj/s5/app/controllers/LoginController.php(29): Illuminate\Exception\Handler->handleError(8, 'Trying to get p...', '/home/tj/s5/app...', 29, Array)
#1 [internal function]: LoginController->postIndex()
#2 /home/tj/s5/vendor/laravel/framework/src/Illuminate/Routing/Controller.php(231): call_user_func_array(Array, Array)
#3 /home/tj/s5/vendor/laravel/framework/src/Illuminate/Routing/ControllerDispatcher.php(93): Illuminate\Routing\Controller->callAction('postIndex', Array)
#4 /home/tj/s5/vendor/laravel/framework/src/Illuminate/Routing/ControllerDispatcher.php(62): Illuminate\Routing\ControllerDispatcher->call(Object(LoginController), Object(Illuminate\Routing\Route), 'postIndex')
#5 /home/tj/s5/vendor/laravel/framework/src/Illuminate/Routing/Router.php(934): Illuminate\Routing\ControllerDispatcher->dispatch(Object(Illuminate\Routing\Route), Object(Illuminate\Http\Request), 'LoginController', 'postIndex')
#6 [internal function]: Illuminate\Routing\Router->Illuminate\Routing\{closure}()
#7 /home/tj/s5/vendor/laravel/framework/src/Illuminate/Routing/Route.php(104): call_user_func_array(Object(Closure), Array)
#8 /home/tj/s5/vendor/laravel/framework/src/Illuminate/Routing/Router.php(1000): Illuminate\Routing\Route->run(Object(Illuminate\Http\Request))
#9 /home/tj/s5/vendor/laravel/framework/src/Illuminate/Routing/Router.php(968): Illuminate\Routing\Router->dispatchToRoute(Object(Illuminate\Http\Request))
#10 /home/tj/s5/vendor/laravel/framework/src/Illuminate/Foundation/Application.php(738): Illuminate\Routing\Router->dispatch(Object(Illuminate\Http\Request))
#11 /home/tj/s5/vendor/laravel/framework/src/Illuminate/Foundation/Application.php(708): Illuminate\Foundation\Application->dispatch(Object(Illuminate\Http\Request))
#12 /home/tj/s5/vendor/laravel/framework/src/Illuminate/Http/FrameGuard.php(38): Illuminate\Foundation\Application->handle(Object(Illuminate\Http\Request), 1, true)
#13 /home/tj/s5/vendor/laravel/framework/src/Illuminate/Session/Middleware.php(72): Illuminate\Http\FrameGuard->handle(Object(Illuminate\Http\Request), 1, true)
#14 /home/tj/s5/vendor/laravel/framework/src/Illuminate/Cookie/Queue.php(47): Illuminate\Session\Middleware->handle(Object(Illuminate\Http\Request), 1, true)
#15 /home/tj/s5/vendor/laravel/framework/src/Illuminate/Cookie/Guard.php(51): Illuminate\Cookie\Queue->handle(Object(Illuminate\Http\Request), 1, true)
#16 /home/tj/s5/vendor/stack/builder/src/Stack/StackedHttpKernel.php(23): Illuminate\Cookie\Guard->handle(Object(Illuminate\Http\Request), 1, true)
#17 /home/tj/s5/vendor/laravel/framework/src/Illuminate/Foundation/Application.php(606): Stack\StackedHttpKernel->handle(Object(Illuminate\Http\Request))
#18 /home/tj/s5/public/index.php(49): Illuminate\Foundation\Application->run()
#19 /home/tj/s5/server.php(19): require_once('/home/tj/s5/pub...')
#20 {main} [] []
[2015-05-01 17:29:17] production.ERROR: exception 'ErrorException' with message 'Trying to get property of non-object' in /home/tj/s5/app/controllers/LoginController.php:29
Stack trace:
#0 /home/tj/s5/app/controllers/LoginController.php(29): Illuminate\Exception\Handler->handleError(8, 'Trying to get p...', '/home/tj/s5/app...', 29, Array)
#1 [internal function]: LoginController->postIndex()
#2 /home/tj/s5/vendor/laravel/framework/src/Illuminate/Routing/Controller.php(231): call_user_func_array(Array, Array)
#3 /home/tj/s5/vendor/laravel/framework/src/Illuminate/Routing/ControllerDispatcher.php(93): Illuminate\Routing\Controller->callAction('postIndex', Array)
#4 /home/tj/s5/vendor/laravel/framework/src/Illuminate/Routing/ControllerDispatcher.php(62): Illuminate\Routing\ControllerDispatcher->call(Object(LoginController), Object(Illuminate\Routing\Route), 'postIndex')
#5 /home/tj/s5/vendor/laravel/framework/src/Illuminate/Routing/Router.php(934): Illuminate\Routing\ControllerDispatcher->dispatch(Object(Illuminate\Routing\Route), Object(Illuminate\Http\Request), 'LoginController', 'postIndex')
#6 [internal function]: Illuminate\Routing\Router->Illuminate\Routing\{closure}()
#7 /home/tj/s5/vendor/laravel/framework/src/Illuminate/Routing/Route.php(104): call_user_func_array(Object(Closure), Array)
#8 /home/tj/s5/vendor/laravel/framework/src/Illuminate/Routing/Router.php(1000): Illuminate\Routing\Route->run(Object(Illuminate\Http\Request))
#9 /home/tj/s5/vendor/laravel/framework/src/Illuminate/Routing/Router.php(968): Illuminate\Routing\Router->dispatchToRoute(Object(Illuminate\Http\Request))
#10 /home/tj/s5/vendor/laravel/framework/src/Illuminate/Foundation/Application.php(738): Illuminate\Routing\Router->dispatch(Object(Illuminate\Http\Request))
#11 /home/tj/s5/vendor/laravel/framework/src/Illuminate/Foundation/Application.php(708): Illuminate\Foundation\Application->dispatch(Object(Illuminate\Http\Request))
#12 /home/tj/s5/vendor/laravel/framework/src/Illuminate/Http/FrameGuard.php(38): Illuminate\Foundation\Application->handle(Object(Illuminate\Http\Request), 1, true)
#13 /home/tj/s5/vendor/laravel/framework/src/Illuminate/Session/Middleware.php(72): Illuminate\Http\FrameGuard->handle(Object(Illuminate\Http\Request), 1, true)
#14 /home/tj/s5/vendor/laravel/framework/src/Illuminate/Cookie/Queue.php(47): Illuminate\Session\Middleware->handle(Object(Illuminate\Http\Request), 1, true)
#15 /home/tj/s5/vendor/laravel/framework/src/Illuminate/Cookie/Guard.php(51): Illuminate\Cookie\Queue->handle(Object(Illuminate\Http\Request), 1, true)
#16 /home/tj/s5/vendor/stack/builder/src/Stack/StackedHttpKernel.php(23): Illuminate\Cookie\Guard->handle(Object(Illuminate\Http\Request), 1, true)
#17 /home/tj/s5/vendor/laravel/framework/src/Illuminate/Foundation/Application.php(606): Stack\StackedHttpKernel->handle(Object(Illuminate\Http\Request))
#18 /home/tj/s5/public/index.php(49): Illuminate\Foundation\Application->run()
#19 /home/tj/s5/server.php(19): require_once('/home/tj/s5/pub...')
#20 {main} [] []
[2015-05-01 17:43:28] production.ERROR: exception 'ErrorException' with message 'Trying to get property of non-object' in /home/tj/s5/app/controllers/LoginController.php:29
Stack trace:
#0 /home/tj/s5/app/controllers/LoginController.php(29): Illuminate\Exception\Handler->handleError(8, 'Trying to get p...', '/home/tj/s5/app...', 29, Array)
#1 [internal function]: LoginController->postIndex()
#2 /home/tj/s5/vendor/laravel/framework/src/Illuminate/Routing/Controller.php(231): call_user_func_array(Array, Array)
#3 /home/tj/s5/vendor/laravel/framework/src/Illuminate/Routing/ControllerDispatcher.php(93): Illuminate\Routing\Controller->callAction('postIndex', Array)
#4 /home/tj/s5/vendor/laravel/framework/src/Illuminate/Routing/ControllerDispatcher.php(62): Illuminate\Routing\ControllerDispatcher->call(Object(LoginController), Object(Illuminate\Routing\Route), 'postIndex')
#5 /home/tj/s5/vendor/laravel/framework/src/Illuminate/Routing/Router.php(934): Illuminate\Routing\ControllerDispatcher->dispatch(Object(Illuminate\Routing\Route), Object(Illuminate\Http\Request), 'LoginController', 'postIndex')
#6 [internal function]: Illuminate\Routing\Router->Illuminate\Routing\{closure}()
#7 /home/tj/s5/vendor/laravel/framework/src/Illuminate/Routing/Route.php(104): call_user_func_array(Object(Closure), Array)
#8 /home/tj/s5/vendor/laravel/framework/src/Illuminate/Routing/Router.php(1000): Illuminate\Routing\Route->run(Object(Illuminate\Http\Request))
#9 /home/tj/s5/vendor/laravel/framework/src/Illuminate/Routing/Router.php(968): Illuminate\Routing\Router->dispatchToRoute(Object(Illuminate\Http\Request))
#10 /home/tj/s5/vendor/laravel/framework/src/Illuminate/Foundation/Application.php(738): Illuminate\Routing\Router->dispatch(Object(Illuminate\Http\Request))
#11 /home/tj/s5/vendor/laravel/framework/src/Illuminate/Foundation/Application.php(708): Illuminate\Foundation\Application->dispatch(Object(Illuminate\Http\Request))
#12 /home/tj/s5/vendor/laravel/framework/src/Illuminate/Http/FrameGuard.php(38): Illuminate\Foundation\Application->handle(Object(Illuminate\Http\Request), 1, true)
#13 /home/tj/s5/vendor/laravel/framework/src/Illuminate/Session/Middleware.php(72): Illuminate\Http\FrameGuard->handle(Object(Illuminate\Http\Request), 1, true)
#14 /home/tj/s5/vendor/laravel/framework/src/Illuminate/Cookie/Queue.php(47): Illuminate\Session\Middleware->handle(Object(Illuminate\Http\Request), 1, true)
#15 /home/tj/s5/vendor/laravel/framework/src/Illuminate/Cookie/Guard.php(51): Illuminate\Cookie\Queue->handle(Object(Illuminate\Http\Request), 1, true)
#16 /home/tj/s5/vendor/stack/builder/src/Stack/StackedHttpKernel.php(23): Illuminate\Cookie\Guard->handle(Object(Illuminate\Http\Request), 1, true)
#17 /home/tj/s5/vendor/laravel/framework/src/Illuminate/Foundation/Application.php(606): Stack\StackedHttpKernel->handle(Object(Illuminate\Http\Request))
#18 /home/tj/s5/public/index.php(49): Illuminate\Foundation\Application->run()
#19 /home/tj/s5/server.php(19): require_once('/home/tj/s5/pub...')
#20 {main} [] []
[2015-05-01 17:43:30] production.ERROR: exception 'ErrorException' with message 'Trying to get property of non-object' in /home/tj/s5/app/controllers/LoginController.php:29
Stack trace:
#0 /home/tj/s5/app/controllers/LoginController.php(29): Illuminate\Exception\Handler->handleError(8, 'Trying to get p...', '/home/tj/s5/app...', 29, Array)
#1 [internal function]: LoginController->postIndex()
#2 /home/tj/s5/vendor/laravel/framework/src/Illuminate/Routing/Controller.php(231): call_user_func_array(Array, Array)
#3 /home/tj/s5/vendor/laravel/framework/src/Illuminate/Routing/ControllerDispatcher.php(93): Illuminate\Routing\Controller->callAction('postIndex', Array)
#4 /home/tj/s5/vendor/laravel/framework/src/Illuminate/Routing/ControllerDispatcher.php(62): Illuminate\Routing\ControllerDispatcher->call(Object(LoginController), Object(Illuminate\Routing\Route), 'postIndex')
#5 /home/tj/s5/vendor/laravel/framework/src/Illuminate/Routing/Router.php(934): Illuminate\Routing\ControllerDispatcher->dispatch(Object(Illuminate\Routing\Route), Object(Illuminate\Http\Request), 'LoginController', 'postIndex')
#6 [internal function]: Illuminate\Routing\Router->Illuminate\Routing\{closure}()
#7 /home/tj/s5/vendor/laravel/framework/src/Illuminate/Routing/Route.php(104): call_user_func_array(Object(Closure), Array)
#8 /home/tj/s5/vendor/laravel/framework/src/Illuminate/Routing/Router.php(1000): Illuminate\Routing\Route->run(Object(Illuminate\Http\Request))
#9 /home/tj/s5/vendor/laravel/framework/src/Illuminate/Routing/Router.php(968): Illuminate\Routing\Router->dispatchToRoute(Object(Illuminate\Http\Request))
#10 /home/tj/s5/vendor/laravel/framework/src/Illuminate/Foundation/Application.php(738): Illuminate\Routing\Router->dispatch(Object(Illuminate\Http\Request))
#11 /home/tj/s5/vendor/laravel/framework/src/Illuminate/Foundation/Application.php(708): Illuminate\Foundation\Application->dispatch(Object(Illuminate\Http\Request))
#12 /home/tj/s5/vendor/laravel/framework/src/Illuminate/Http/FrameGuard.php(38): Illuminate\Foundation\Application->handle(Object(Illuminate\Http\Request), 1, true)
#13 /home/tj/s5/vendor/laravel/framework/src/Illuminate/Session/Middleware.php(72): Illuminate\Http\FrameGuard->handle(Object(Illuminate\Http\Request), 1, true)
#14 /home/tj/s5/vendor/laravel/framework/src/Illuminate/Cookie/Queue.php(47): Illuminate\Session\Middleware->handle(Object(Illuminate\Http\Request), 1, true)
#15 /home/tj/s5/vendor/laravel/framework/src/Illuminate/Cookie/Guard.php(51): Illuminate\Cookie\Queue->handle(Object(Illuminate\Http\Request), 1, true)
#16 /home/tj/s5/vendor/stack/builder/src/Stack/StackedHttpKernel.php(23): Illuminate\Cookie\Guard->handle(Object(Illuminate\Http\Request), 1, true)
#17 /home/tj/s5/vendor/laravel/framework/src/Illuminate/Foundation/Application.php(606): Stack\StackedHttpKernel->handle(Object(Illuminate\Http\Request))
#18 /home/tj/s5/public/index.php(49): Illuminate\Foundation\Application->run()
#19 /home/tj/s5/server.php(19): require_once('/home/tj/s5/pub...')
#20 {main} [] []
[2015-05-01 17:44:16] production.ERROR: exception 'ErrorException' with message 'Trying to get property of non-object' in /home/tj/s5/app/controllers/LoginController.php:29
Stack trace:
#0 /home/tj/s5/app/controllers/LoginController.php(29): Illuminate\Exception\Handler->handleError(8, 'Trying to get p...', '/home/tj/s5/app...', 29, Array)
#1 [internal function]: LoginController->postIndex()
#2 /home/tj/s5/vendor/laravel/framework/src/Illuminate/Routing/Controller.php(231): call_user_func_array(Array, Array)
#3 /home/tj/s5/vendor/laravel/framework/src/Illuminate/Routing/ControllerDispatcher.php(93): Illuminate\Routing\Controller->callAction('postIndex', Array)
#4 /home/tj/s5/vendor/laravel/framework/src/Illuminate/Routing/ControllerDispatcher.php(62): Illuminate\Routing\ControllerDispatcher->call(Object(LoginController), Object(Illuminate\Routing\Route), 'postIndex')
#5 /home/tj/s5/vendor/laravel/framework/src/Illuminate/Routing/Router.php(934): Illuminate\Routing\ControllerDispatcher->dispatch(Object(Illuminate\Routing\Route), Object(Illuminate\Http\Request), 'LoginController', 'postIndex')
#6 [internal function]: Illuminate\Routing\Router->Illuminate\Routing\{closure}()
#7 /home/tj/s5/vendor/laravel/framework/src/Illuminate/Routing/Route.php(104): call_user_func_array(Object(Closure), Array)
#8 /home/tj/s5/vendor/laravel/framework/src/Illuminate/Routing/Router.php(1000): Illuminate\Routing\Route->run(Object(Illuminate\Http\Request))
#9 /home/tj/s5/vendor/laravel/framework/src/Illuminate/Routing/Router.php(968): Illuminate\Routing\Router->dispatchToRoute(Object(Illuminate\Http\Request))
#10 /home/tj/s5/vendor/laravel/framework/src/Illuminate/Foundation/Application.php(738): Illuminate\Routing\Router->dispatch(Object(Illuminate\Http\Request))
#11 /home/tj/s5/vendor/laravel/framework/src/Illuminate/Foundation/Application.php(708): Illuminate\Foundation\Application->dispatch(Object(Illuminate\Http\Request))
#12 /home/tj/s5/vendor/laravel/framework/src/Illuminate/Http/FrameGuard.php(38): Illuminate\Foundation\Application->handle(Object(Illuminate\Http\Request), 1, true)
#13 /home/tj/s5/vendor/laravel/framework/src/Illuminate/Session/Middleware.php(72): Illuminate\Http\FrameGuard->handle(Object(Illuminate\Http\Request), 1, true)
#14 /home/tj/s5/vendor/laravel/framework/src/Illuminate/Cookie/Queue.php(47): Illuminate\Session\Middleware->handle(Object(Illuminate\Http\Request), 1, true)
#15 /home/tj/s5/vendor/laravel/framework/src/Illuminate/Cookie/Guard.php(51): Illuminate\Cookie\Queue->handle(Object(Illuminate\Http\Request), 1, true)
#16 /home/tj/s5/vendor/stack/builder/src/Stack/StackedHttpKernel.php(23): Illuminate\Cookie\Guard->handle(Object(Illuminate\Http\Request), 1, true)
#17 /home/tj/s5/vendor/laravel/framework/src/Illuminate/Foundation/Application.php(606): Stack\StackedHttpKernel->handle(Object(Illuminate\Http\Request))
#18 /home/tj/s5/public/index.php(49): Illuminate\Foundation\Application->run()
#19 /home/tj/s5/server.php(19): require_once('/home/tj/s5/pub...')
#20 {main} [] []
[2015-05-01 17:46:24] production.ERROR: exception 'Symfony\Component\HttpKernel\Exception\NotFoundHttpException' in /home/tj/s5/vendor/laravel/framework/src/Illuminate/Routing/RouteCollection.php:146
Stack trace:
#0 /home/tj/s5/vendor/laravel/framework/src/Illuminate/Routing/Router.php(1021): Illuminate\Routing\RouteCollection->match(Object(Illuminate\Http\Request))
#1 /home/tj/s5/vendor/laravel/framework/src/Illuminate/Routing/Router.php(989): Illuminate\Routing\Router->findRoute(Object(Illuminate\Http\Request))
#2 /home/tj/s5/vendor/laravel/framework/src/Illuminate/Routing/Router.php(968): Illuminate\Routing\Router->dispatchToRoute(Object(Illuminate\Http\Request))
#3 /home/tj/s5/vendor/laravel/framework/src/Illuminate/Foundation/Application.php(738): Illuminate\Routing\Router->dispatch(Object(Illuminate\Http\Request))
#4 /home/tj/s5/vendor/laravel/framework/src/Illuminate/Foundation/Application.php(708): Illuminate\Foundation\Application->dispatch(Object(Illuminate\Http\Request))
#5 /home/tj/s5/vendor/laravel/framework/src/Illuminate/Http/FrameGuard.php(38): Illuminate\Foundation\Application->handle(Object(Illuminate\Http\Request), 1, true)
#6 /home/tj/s5/vendor/laravel/framework/src/Illuminate/Session/Middleware.php(72): Illuminate\Http\FrameGuard->handle(Object(Illuminate\Http\Request), 1, true)
#7 /home/tj/s5/vendor/laravel/framework/src/Illuminate/Cookie/Queue.php(47): Illuminate\Session\Middleware->handle(Object(Illuminate\Http\Request), 1, true)
#8 /home/tj/s5/vendor/laravel/framework/src/Illuminate/Cookie/Guard.php(51): Illuminate\Cookie\Queue->handle(Object(Illuminate\Http\Request), 1, true)
#9 /home/tj/s5/vendor/stack/builder/src/Stack/StackedHttpKernel.php(23): Illuminate\Cookie\Guard->handle(Object(Illuminate\Http\Request), 1, true)
#10 /home/tj/s5/vendor/laravel/framework/src/Illuminate/Foundation/Application.php(606): Stack\StackedHttpKernel->handle(Object(Illuminate\Http\Request))
#11 /home/tj/s5/public/index.php(49): Illuminate\Foundation\Application->run()
#12 /home/tj/s5/server.php(19): require_once('/home/tj/s5/pub...')
#13 {main} [] []
[2015-05-01 17:46:27] production.ERROR: exception 'Symfony\Component\HttpKernel\Exception\NotFoundHttpException' in /home/tj/s5/vendor/laravel/framework/src/Illuminate/Routing/RouteCollection.php:146
Stack trace:
#0 /home/tj/s5/vendor/laravel/framework/src/Illuminate/Routing/Router.php(1021): Illuminate\Routing\RouteCollection->match(Object(Illuminate\Http\Request))
#1 /home/tj/s5/vendor/laravel/framework/src/Illuminate/Routing/Router.php(989): Illuminate\Routing\Router->findRoute(Object(Illuminate\Http\Request))
#2 /home/tj/s5/vendor/laravel/framework/src/Illuminate/Routing/Router.php(968): Illuminate\Routing\Router->dispatchToRoute(Object(Illuminate\Http\Request))
#3 /home/tj/s5/vendor/laravel/framework/src/Illuminate/Foundation/Application.php(738): Illuminate\Routing\Router->dispatch(Object(Illuminate\Http\Request))
#4 /home/tj/s5/vendor/laravel/framework/src/Illuminate/Foundation/Application.php(708): Illuminate\Foundation\Application->dispatch(Object(Illuminate\Http\Request))
#5 /home/tj/s5/vendor/laravel/framework/src/Illuminate/Http/FrameGuard.php(38): Illuminate\Foundation\Application->handle(Object(Illuminate\Http\Request), 1, true)
#6 /home/tj/s5/vendor/laravel/framework/src/Illuminate/Session/Middleware.php(72): Illuminate\Http\FrameGuard->handle(Object(Illuminate\Http\Request), 1, true)
#7 /home/tj/s5/vendor/laravel/framework/src/Illuminate/Cookie/Queue.php(47): Illuminate\Session\Middleware->handle(Object(Illuminate\Http\Request), 1, true)
#8 /home/tj/s5/vendor/laravel/framework/src/Illuminate/Cookie/Guard.php(51): Illuminate\Cookie\Queue->handle(Object(Illuminate\Http\Request), 1, true)
#9 /home/tj/s5/vendor/stack/builder/src/Stack/StackedHttpKernel.php(23): Illuminate\Cookie\Guard->handle(Object(Illuminate\Http\Request), 1, true)
#10 /home/tj/s5/vendor/laravel/framework/src/Illuminate/Foundation/Application.php(606): Stack\StackedHttpKernel->handle(Object(Illuminate\Http\Request))
#11 /home/tj/s5/public/index.php(49): Illuminate\Foundation\Application->run()
#12 /home/tj/s5/server.php(19): require_once('/home/tj/s5/pub...')
#13 {main} [] []
[2015-05-01 17:46:40] production.ERROR: exception 'InvalidArgumentException' with message 'Command "db:reset" is not defined.

Did you mean one of these?
    migrate:reset
    db:seed' in /home/tj/s5/vendor/symfony/console/Symfony/Component/Console/Application.php:562
Stack trace:
#0 /home/tj/s5/vendor/symfony/console/Symfony/Component/Console/Application.php(188): Symfony\Component\Console\Application->find('db:reset')
#1 /home/tj/s5/vendor/symfony/console/Symfony/Component/Console/Application.php(121): Symfony\Component\Console\Application->doRun(Object(Symfony\Component\Console\Input\ArgvInput), Object(Symfony\Component\Console\Output\ConsoleOutput))
#2 /home/tj/s5/artisan(59): Symfony\Component\Console\Application->run()
#3 {main} [] []
[2015-05-01 17:47:15] production.ERROR: exception 'Illuminate\Database\QueryException' with message 'SQLSTATE[42000]: Syntax error or access violation: 1091 Can't DROP 'gapps'; check that column/key exists (SQL: alter table `invites` drop `gapps`)' in /home/tj/s5/vendor/laravel/framework/src/Illuminate/Database/Connection.php:555
Stack trace:
#0 /home/tj/s5/vendor/laravel/framework/src/Illuminate/Database/Connection.php(338): Illuminate\Database\Connection->run('alter table `in...', Array, Object(Closure))
#1 /home/tj/s5/vendor/laravel/framework/src/Illuminate/Database/Schema/Blueprint.php(63): Illuminate\Database\Connection->statement('alter table `in...')
#2 /home/tj/s5/vendor/laravel/framework/src/Illuminate/Database/Schema/Builder.php(169): Illuminate\Database\Schema\Blueprint->build(Object(Illuminate\Database\MySqlConnection), Object(Illuminate\Database\Schema\Grammars\MySqlGrammar))
#3 /home/tj/s5/vendor/laravel/framework/src/Illuminate/Database/Schema/Builder.php(94): Illuminate\Database\Schema\Builder->build(Object(Illuminate\Database\Schema\Blueprint))
#4 /home/tj/s5/vendor/laravel/framework/src/Illuminate/Support/Facades/Facade.php(211): Illuminate\Database\Schema\Builder->table('invites', Object(Closure))
#5 /home/tj/s5/app/database/migrations/2015_02_24_202445_add_gapps_to_invites.php(31): Illuminate\Support\Facades\Facade::__callStatic('table', Array)
#6 /home/tj/s5/app/database/migrations/2015_02_24_202445_add_gapps_to_invites.php(31): Illuminate\Support\Facades\Schema::table('invites', Object(Closure))
#7 /home/tj/s5/vendor/laravel/framework/src/Illuminate/Database/Migrations/Migrator.php(197): AddGappsToInvites->down()
#8 /home/tj/s5/vendor/laravel/framework/src/Illuminate/Database/Migrations/Migrator.php(170): Illuminate\Database\Migrations\Migrator->runDown(Object(stdClass), false)
#9 /home/tj/s5/vendor/laravel/framework/src/Illuminate/Database/Console/Migrations/ResetCommand.php(56): Illuminate\Database\Migrations\Migrator->rollback(false)
#10 /home/tj/s5/vendor/laravel/framework/src/Illuminate/Console/Command.php(108): Illuminate\Database\Console\Migrations\ResetCommand->fire()
#11 /home/tj/s5/vendor/symfony/console/Symfony/Component/Console/Command/Command.php(241): Illuminate\Console\Command->execute(Object(Symfony\Component\Console\Input\ArgvInput), Object(Symfony\Component\Console\Output\ConsoleOutput))
#12 /home/tj/s5/vendor/laravel/framework/src/Illuminate/Console/Command.php(96): Symfony\Component\Console\Command\Command->run(Object(Symfony\Component\Console\Input\ArgvInput), Object(Symfony\Component\Console\Output\ConsoleOutput))
#13 /home/tj/s5/vendor/symfony/console/Symfony/Component/Console/Application.php(887): Illuminate\Console\Command->run(Object(Symfony\Component\Console\Input\ArgvInput), Object(Symfony\Component\Console\Output\ConsoleOutput))
#14 /home/tj/s5/vendor/symfony/console/Symfony/Component/Console/Application.php(191): Symfony\Component\Console\Application->doRunCommand(Object(Illuminate\Database\Console\Migrations\ResetCommand), Object(Symfony\Component\Console\Input\ArgvInput), Object(Symfony\Component\Console\Output\ConsoleOutput))
#15 /home/tj/s5/vendor/symfony/console/Symfony/Component/Console/Application.php(121): Symfony\Component\Console\Application->doRun(Object(Symfony\Component\Console\Input\ArgvInput), Object(Symfony\Component\Console\Output\ConsoleOutput))
#16 /home/tj/s5/artisan(59): Symfony\Component\Console\Application->run()
#17 {main} [] []
[2015-05-01 17:47:28] production.ERROR: exception 'InvalidArgumentException' with message 'Command "db:purge" is not defined.

Did you mean this?
    db:seed' in /home/tj/s5/vendor/symfony/console/Symfony/Component/Console/Application.php:562
Stack trace:
#0 /home/tj/s5/vendor/symfony/console/Symfony/Component/Console/Application.php(188): Symfony\Component\Console\Application->find('db:purge')
#1 /home/tj/s5/vendor/symfony/console/Symfony/Component/Console/Application.php(121): Symfony\Component\Console\Application->doRun(Object(Symfony\Component\Console\Input\ArgvInput), Object(Symfony\Component\Console\Output\ConsoleOutput))
#2 /home/tj/s5/artisan(59): Symfony\Component\Console\Application->run()
#3 {main} [] []
[2015-05-01 17:47:33] production.ERROR: exception 'Illuminate\Database\QueryException' with message 'SQLSTATE[42S02]: Base table or view not found: 1146 Table 's5.users_2fa' doesn't exist (SQL: select * from `users_2fa` where `users_2fa`.`userID` = 1)' in /home/tj/s5/vendor/laravel/framework/src/Illuminate/Database/Connection.php:555
Stack trace:
#0 /home/tj/s5/vendor/laravel/framework/src/Illuminate/Database/Connection.php(283): Illuminate\Database\Connection->run('select * from `...', Array, Object(Closure))
#1 /home/tj/s5/vendor/laravel/framework/src/Illuminate/Database/Query/Builder.php(1291): Illuminate\Database\Connection->select('select * from `...', Array)
#2 /home/tj/s5/vendor/laravel/framework/src/Illuminate/Database/Query/Builder.php(1281): Illuminate\Database\Query\Builder->runSelect()
#3 /home/tj/s5/vendor/laravel/framework/src/Illuminate/Database/Query/Builder.php(1268): Illuminate\Database\Query\Builder->getFresh(Array)
#4 /home/tj/s5/vendor/laravel/framework/src/Illuminate/Database/Eloquent/Builder.php(446): Illuminate\Database\Query\Builder->get(Array)
#5 /home/tj/s5/vendor/laravel/framework/src/Illuminate/Database/Eloquent/Builder.php(137): Illuminate\Database\Eloquent\Builder->getModels(Array)
#6 /home/tj/s5/vendor/laravel/framework/src/Illuminate/Database/Eloquent/Relations/HasMany.php(14): Illuminate\Database\Eloquent\Builder->get()
#7 /home/tj/s5/vendor/laravel/framework/src/Illuminate/Database/Eloquent/Model.php(2420): Illuminate\Database\Eloquent\Relations\HasMany->getResults()
#8 /home/tj/s5/vendor/laravel/framework/src/Illuminate/Database/Eloquent/Model.php(2354): Illuminate\Database\Eloquent\Model->getRelationshipFromMethod('second_factors', 'secondFactors')
#9 /home/tj/s5/vendor/laravel/framework/src/Illuminate/Database/Eloquent/Model.php(2900): Illuminate\Database\Eloquent\Model->getAttribute('second_factors')
#10 /home/tj/s5/app/controllers/LoginController.php(29): Illuminate\Database\Eloquent\Model->__get('second_factors')
#11 [internal function]: LoginController->postIndex()
#12 /home/tj/s5/vendor/laravel/framework/src/Illuminate/Routing/Controller.php(231): call_user_func_array(Array, Array)
#13 /home/tj/s5/vendor/laravel/framework/src/Illuminate/Routing/ControllerDispatcher.php(93): Illuminate\Routing\Controller->callAction('postIndex', Array)
#14 /home/tj/s5/vendor/laravel/framework/src/Illuminate/Routing/ControllerDispatcher.php(62): Illuminate\Routing\ControllerDispatcher->call(Object(LoginController), Object(Illuminate\Routing\Route), 'postIndex')
#15 /home/tj/s5/vendor/laravel/framework/src/Illuminate/Routing/Router.php(934): Illuminate\Routing\ControllerDispatcher->dispatch(Object(Illuminate\Routing\Route), Object(Illuminate\Http\Request), 'LoginController', 'postIndex')
#16 [internal function]: Illuminate\Routing\Router->Illuminate\Routing\{closure}()
#17 /home/tj/s5/vendor/laravel/framework/src/Illuminate/Routing/Route.php(104): call_user_func_array(Object(Closure), Array)
#18 /home/tj/s5/vendor/laravel/framework/src/Illuminate/Routing/Router.php(1000): Illuminate\Routing\Route->run(Object(Illuminate\Http\Request))
#19 /home/tj/s5/vendor/laravel/framework/src/Illuminate/Routing/Router.php(968): Illuminate\Routing\Router->dispatchToRoute(Object(Illuminate\Http\Request))
#20 /home/tj/s5/vendor/laravel/framework/src/Illuminate/Foundation/Application.php(738): Illuminate\Routing\Router->dispatch(Object(Illuminate\Http\Request))
#21 /home/tj/s5/vendor/laravel/framework/src/Illuminate/Foundation/Application.php(708): Illuminate\Foundation\Application->dispatch(Object(Illuminate\Http\Request))
#22 /home/tj/s5/vendor/laravel/framework/src/Illuminate/Http/FrameGuard.php(38): Illuminate\Foundation\Application->handle(Object(Illuminate\Http\Request), 1, true)
#23 /home/tj/s5/vendor/laravel/framework/src/Illuminate/Session/Middleware.php(72): Illuminate\Http\FrameGuard->handle(Object(Illuminate\Http\Request), 1, true)
#24 /home/tj/s5/vendor/laravel/framework/src/Illuminate/Cookie/Queue.php(47): Illuminate\Session\Middleware->handle(Object(Illuminate\Http\Request), 1, true)
#25 /home/tj/s5/vendor/laravel/framework/src/Illuminate/Cookie/Guard.php(51): Illuminate\Cookie\Queue->handle(Object(Illuminate\Http\Request), 1, true)
#26 /home/tj/s5/vendor/stack/builder/src/Stack/StackedHttpKernel.php(23): Illuminate\Cookie\Guard->handle(Object(Illuminate\Http\Request), 1, true)
#27 /home/tj/s5/vendor/laravel/framework/src/Illuminate/Foundation/Application.php(606): Stack\StackedHttpKernel->handle(Object(Illuminate\Http\Request))
#28 /home/tj/s5/public/index.php(49): Illuminate\Foundation\Application->run()
#29 /home/tj/s5/server.php(19): require_once('/home/tj/s5/pub...')
#30 {main} [] []
[2015-05-01 17:47:43] production.ERROR: exception 'InvalidArgumentException' with message 'Command "db:migrate" is not defined.

Did you mean one of these?
    migrate
    db:seed' in /home/tj/s5/vendor/symfony/console/Symfony/Component/Console/Application.php:562
Stack trace:
#0 /home/tj/s5/vendor/symfony/console/Symfony/Component/Console/Application.php(188): Symfony\Component\Console\Application->find('db:migrate')
#1 /home/tj/s5/vendor/symfony/console/Symfony/Component/Console/Application.php(121): Symfony\Component\Console\Application->doRun(Object(Symfony\Component\Console\Input\ArgvInput), Object(Symfony\Component\Console\Output\ConsoleOutput))
#2 /home/tj/s5/artisan(59): Symfony\Component\Console\Application->run()
#3 {main} [] []
[2015-05-01 17:48:23] production.ERROR: exception 'Symfony\Component\HttpKernel\Exception\HttpException' in /home/tj/s5/vendor/laravel/framework/src/Illuminate/Foundation/Application.php:875
Stack trace:
#0 /home/tj/s5/vendor/laravel/framework/src/Illuminate/Support/Facades/Facade.php(208): Illuminate\Foundation\Application->abort(403)
#1 /home/tj/s5/app/controllers/LoginController.php(82): Illuminate\Support\Facades\Facade::__callStatic('abort', Array)
#2 /home/tj/s5/app/controllers/LoginController.php(82): Illuminate\Support\Facades\App::abort(403)
#3 [internal function]: LoginController->getLogout()
#4 /home/tj/s5/vendor/laravel/framework/src/Illuminate/Routing/Controller.php(231): call_user_func_array(Array, Array)
#5 /home/tj/s5/vendor/laravel/framework/src/Illuminate/Routing/ControllerDispatcher.php(93): Illuminate\Routing\Controller->callAction('getLogout', Array)
#6 /home/tj/s5/vendor/laravel/framework/src/Illuminate/Routing/ControllerDispatcher.php(62): Illuminate\Routing\ControllerDispatcher->call(Object(LoginController), Object(Illuminate\Routing\Route), 'getLogout')
#7 /home/tj/s5/vendor/laravel/framework/src/Illuminate/Routing/Router.php(934): Illuminate\Routing\ControllerDispatcher->dispatch(Object(Illuminate\Routing\Route), Object(Illuminate\Http\Request), 'LoginController', 'getLogout')
#8 [internal function]: Illuminate\Routing\Router->Illuminate\Routing\{closure}()
#9 /home/tj/s5/vendor/laravel/framework/src/Illuminate/Routing/Route.php(104): call_user_func_array(Object(Closure), Array)
#10 /home/tj/s5/vendor/laravel/framework/src/Illuminate/Routing/Router.php(1000): Illuminate\Routing\Route->run(Object(Illuminate\Http\Request))
#11 /home/tj/s5/vendor/laravel/framework/src/Illuminate/Routing/Router.php(968): Illuminate\Routing\Router->dispatchToRoute(Object(Illuminate\Http\Request))
#12 /home/tj/s5/vendor/laravel/framework/src/Illuminate/Foundation/Application.php(738): Illuminate\Routing\Router->dispatch(Object(Illuminate\Http\Request))
#13 /home/tj/s5/vendor/laravel/framework/src/Illuminate/Foundation/Application.php(708): Illuminate\Foundation\Application->dispatch(Object(Illuminate\Http\Request))
#14 /home/tj/s5/vendor/laravel/framework/src/Illuminate/Http/FrameGuard.php(38): Illuminate\Foundation\Application->handle(Object(Illuminate\Http\Request), 1, true)
#15 /home/tj/s5/vendor/laravel/framework/src/Illuminate/Session/Middleware.php(72): Illuminate\Http\FrameGuard->handle(Object(Illuminate\Http\Request), 1, true)
#16 /home/tj/s5/vendor/laravel/framework/src/Illuminate/Cookie/Queue.php(47): Illuminate\Session\Middleware->handle(Object(Illuminate\Http\Request), 1, true)
#17 /home/tj/s5/vendor/laravel/framework/src/Illuminate/Cookie/Guard.php(51): Illuminate\Cookie\Queue->handle(Object(Illuminate\Http\Request), 1, true)
#18 /home/tj/s5/vendor/stack/builder/src/Stack/StackedHttpKernel.php(23): Illuminate\Cookie\Guard->handle(Object(Illuminate\Http\Request), 1, true)
#19 /home/tj/s5/vendor/laravel/framework/src/Illuminate/Foundation/Application.php(606): Stack\StackedHttpKernel->handle(Object(Illuminate\Http\Request))
#20 /home/tj/s5/public/index.php(49): Illuminate\Foundation\Application->run()
#21 /home/tj/s5/server.php(19): require_once('/home/tj/s5/pub...')
#22 {main} [] []
[2015-05-01 17:48:26] production.ERROR: exception 'Symfony\Component\HttpKernel\Exception\HttpException' in /home/tj/s5/vendor/laravel/framework/src/Illuminate/Foundation/Application.php:875
Stack trace:
#0 /home/tj/s5/vendor/laravel/framework/src/Illuminate/Support/Facades/Facade.php(208): Illuminate\Foundation\Application->abort(403)
#1 /home/tj/s5/app/controllers/LoginController.php(82): Illuminate\Support\Facades\Facade::__callStatic('abort', Array)
#2 /home/tj/s5/app/controllers/LoginController.php(82): Illuminate\Support\Facades\App::abort(403)
#3 [internal function]: LoginController->getLogout()
#4 /home/tj/s5/vendor/laravel/framework/src/Illuminate/Routing/Controller.php(231): call_user_func_array(Array, Array)
#5 /home/tj/s5/vendor/laravel/framework/src/Illuminate/Routing/ControllerDispatcher.php(93): Illuminate\Routing\Controller->callAction('getLogout', Array)
#6 /home/tj/s5/vendor/laravel/framework/src/Illuminate/Routing/ControllerDispatcher.php(62): Illuminate\Routing\ControllerDispatcher->call(Object(LoginController), Object(Illuminate\Routing\Route), 'getLogout')
#7 /home/tj/s5/vendor/laravel/framework/src/Illuminate/Routing/Router.php(934): Illuminate\Routing\ControllerDispatcher->dispatch(Object(Illuminate\Routing\Route), Object(Illuminate\Http\Request), 'LoginController', 'getLogout')
#8 [internal function]: Illuminate\Routing\Router->Illuminate\Routing\{closure}()
#9 /home/tj/s5/vendor/laravel/framework/src/Illuminate/Routing/Route.php(104): call_user_func_array(Object(Closure), Array)
#10 /home/tj/s5/vendor/laravel/framework/src/Illuminate/Routing/Router.php(1000): Illuminate\Routing\Route->run(Object(Illuminate\Http\Request))
#11 /home/tj/s5/vendor/laravel/framework/src/Illuminate/Routing/Router.php(968): Illuminate\Routing\Router->dispatchToRoute(Object(Illuminate\Http\Request))
#12 /home/tj/s5/vendor/laravel/framework/src/Illuminate/Foundation/Application.php(738): Illuminate\Routing\Router->dispatch(Object(Illuminate\Http\Request))
#13 /home/tj/s5/vendor/laravel/framework/src/Illuminate/Foundation/Application.php(708): Illuminate\Foundation\Application->dispatch(Object(Illuminate\Http\Request))
#14 /home/tj/s5/vendor/laravel/framework/src/Illuminate/Http/FrameGuard.php(38): Illuminate\Foundation\Application->handle(Object(Illuminate\Http\Request), 1, true)
#15 /home/tj/s5/vendor/laravel/framework/src/Illuminate/Session/Middleware.php(72): Illuminate\Http\FrameGuard->handle(Object(Illuminate\Http\Request), 1, true)
#16 /home/tj/s5/vendor/laravel/framework/src/Illuminate/Cookie/Queue.php(47): Illuminate\Session\Middleware->handle(Object(Illuminate\Http\Request), 1, true)
#17 /home/tj/s5/vendor/laravel/framework/src/Illuminate/Cookie/Guard.php(51): Illuminate\Cookie\Queue->handle(Object(Illuminate\Http\Request), 1, true)
#18 /home/tj/s5/vendor/stack/builder/src/Stack/StackedHttpKernel.php(23): Illuminate\Cookie\Guard->handle(Object(Illuminate\Http\Request), 1, true)
#19 /home/tj/s5/vendor/laravel/framework/src/Illuminate/Foundation/Application.php(606): Stack\StackedHttpKernel->handle(Object(Illuminate\Http\Request))
#20 /home/tj/s5/public/index.php(49): Illuminate\Foundation\Application->run()
#21 /home/tj/s5/server.php(19): require_once('/home/tj/s5/pub...')
#22 {main} [] []
[2015-05-01 17:55:42] production.ERROR: exception 'Illuminate\Database\QueryException' with message 'SQLSTATE[42000]: Syntax error or access violation: 1091 Can't DROP 'gapps'; check that column/key exists (SQL: alter table `invites` drop `gapps`)' in /home/tj/s5/vendor/laravel/framework/src/Illuminate/Database/Connection.php:555
Stack trace:
#0 /home/tj/s5/vendor/laravel/framework/src/Illuminate/Database/Connection.php(338): Illuminate\Database\Connection->run('alter table `in...', Array, Object(Closure))
#1 /home/tj/s5/vendor/laravel/framework/src/Illuminate/Database/Schema/Blueprint.php(63): Illuminate\Database\Connection->statement('alter table `in...')
#2 /home/tj/s5/vendor/laravel/framework/src/Illuminate/Database/Schema/Builder.php(169): Illuminate\Database\Schema\Blueprint->build(Object(Illuminate\Database\MySqlConnection), Object(Illuminate\Database\Schema\Grammars\MySqlGrammar))
#3 /home/tj/s5/vendor/laravel/framework/src/Illuminate/Database/Schema/Builder.php(94): Illuminate\Database\Schema\Builder->build(Object(Illuminate\Database\Schema\Blueprint))
#4 /home/tj/s5/vendor/laravel/framework/src/Illuminate/Support/Facades/Facade.php(211): Illuminate\Database\Schema\Builder->table('invites', Object(Closure))
#5 /home/tj/s5/app/database/migrations/2015_02_24_202445_add_gapps_to_invites.php(31): Illuminate\Support\Facades\Facade::__callStatic('table', Array)
#6 /home/tj/s5/app/database/migrations/2015_02_24_202445_add_gapps_to_invites.php(31): Illuminate\Support\Facades\Schema::table('invites', Object(Closure))
#7 /home/tj/s5/vendor/laravel/framework/src/Illuminate/Database/Migrations/Migrator.php(197): AddGappsToInvites->down()
#8 /home/tj/s5/vendor/laravel/framework/src/Illuminate/Database/Migrations/Migrator.php(170): Illuminate\Database\Migrations\Migrator->runDown(Object(stdClass), false)
#9 /home/tj/s5/vendor/laravel/framework/src/Illuminate/Database/Console/Migrations/ResetCommand.php(56): Illuminate\Database\Migrations\Migrator->rollback(false)
#10 /home/tj/s5/vendor/laravel/framework/src/Illuminate/Console/Command.php(108): Illuminate\Database\Console\Migrations\ResetCommand->fire()
#11 /home/tj/s5/vendor/symfony/console/Symfony/Component/Console/Command/Command.php(241): Illuminate\Console\Command->execute(Object(Symfony\Component\Console\Input\ArgvInput), Object(Symfony\Component\Console\Output\ConsoleOutput))
#12 /home/tj/s5/vendor/laravel/framework/src/Illuminate/Console/Command.php(96): Symfony\Component\Console\Command\Command->run(Object(Symfony\Component\Console\Input\ArgvInput), Object(Symfony\Component\Console\Output\ConsoleOutput))
#13 /home/tj/s5/vendor/symfony/console/Symfony/Component/Console/Application.php(887): Illuminate\Console\Command->run(Object(Symfony\Component\Console\Input\ArgvInput), Object(Symfony\Component\Console\Output\ConsoleOutput))
#14 /home/tj/s5/vendor/symfony/console/Symfony/Component/Console/Application.php(191): Symfony\Component\Console\Application->doRunCommand(Object(Illuminate\Database\Console\Migrations\ResetCommand), Object(Symfony\Component\Console\Input\ArgvInput), Object(Symfony\Component\Console\Output\ConsoleOutput))
#15 /home/tj/s5/vendor/symfony/console/Symfony/Component/Console/Application.php(121): Symfony\Component\Console\Application->doRun(Object(Symfony\Component\Console\Input\ArgvInput), Object(Symfony\Component\Console\Output\ConsoleOutput))
#16 /home/tj/s5/artisan(59): Symfony\Component\Console\Application->run()
#17 {main} [] []
